# JRE version: OpenJDK Runtime Environment (21.0.3) (build 21.0.3+-12282718-b509.11)
# Java VM: OpenJDK 64-Bit Server VM (21.0.3+-12282718-b509.11, mixed mode, tiered, compressed oops, compressed class ptrs, g1 gc, windows-amd64)
GC Precious Log:
 CardTable entry size: 512
 Card Set container configuration: InlinePtr #cards 5 size 8 Array Of Cards #cards 12 size 40 Howl #buckets 4 coarsen threshold 1843 Howl Bitmap #cards 512 size 80 coarsen threshold 460 Card regions per heap region 1 cards per card region 2048
 CPUs: 12 total, 12 available
 Memory: 16215M
 Large Page Support: Disabled
 NUMA Support: Disabled
 Compressed Oops: Enabled (32-bit)
 Heap Region Size: 1M
 Heap Min Capacity: 8M
 Heap Initial Capacity: 254M
 Heap Max Capacity: 2G
 Pre-touch: Disabled
 Parallel Workers: 10
 Concurrent Workers: 3
 Concurrent Refinement Workers: 10
 Periodic GC: Disabled
Heap:
 garbage-first heap   total 286720K, used 160481K [0x0000000080000000, 0x0000000100000000)
  region size 1024K, 14 young (14336K), 6 survivors (6144K)
 Metaspace       used 142150K, committed 144448K, reserved 1179648K
  class space    used 19595K, committed 20736K, reserved 1048576K
GC Heap History (20 events):
Event: 162.082 GC heap before
{Heap before GC invocations=48 (full 0):
 garbage-first heap   total 179200K, used 160163K [0x0000000080000000, 0x0000000100000000)
  region size 1024K, 50 young (51200K), 6 survivors (6144K)
 Metaspace       used 123780K, committed 126016K, reserved 1179648K
  class space    used 16938K, committed 18048K, reserved 1048576K
}
Event: 162.085 GC heap after
{Heap after GC invocations=49 (full 0):
 garbage-first heap   total 179200K, used 118032K [0x0000000080000000, 0x0000000100000000)
  region size 1024K, 2 young (2048K), 2 survivors (2048K)
 Metaspace       used 123780K, committed 126016K, reserved 1179648K
  class space    used 16938K, committed 18048K, reserved 1048576K
}
Event: 164.418 GC heap before
{Heap before GC invocations=50 (full 0):
 garbage-first heap   total 199680K, used 163088K [0x0000000080000000, 0x0000000100000000)
  region size 1024K, 47 young (48128K), 2 survivors (2048K)
 Metaspace       used 130468K, committed 132672K, reserved 1179648K
  class space    used 18043K, committed 19136K, reserved 1048576K
}
Event: 164.420 GC heap after
{Heap after GC invocations=51 (full 0):
 garbage-first heap   total 199680K, used 118852K [0x0000000080000000, 0x0000000100000000)
  region size 1024K, 3 young (3072K), 3 survivors (3072K)
 Metaspace       used 130468K, committed 132672K, reserved 1179648K
  class space    used 18043K, committed 19136K, reserved 1048576K
}
Event: 167.542 GC heap before
{Heap before GC invocations=51 (full 0):
 garbage-first heap   total 199680K, used 197700K [0x0000000080000000, 0x0000000100000000)
  region size 1024K, 51 young (52224K), 3 survivors (3072K)
 Metaspace       used 135963K, committed 138240K, reserved 1179648K
  class space    used 18989K, committed 20096K, reserved 1048576K
}
Event: 167.545 GC heap after
{Heap after GC invocations=52 (full 0):
 garbage-first heap   total 204800K, used 117689K [0x0000000080000000, 0x0000000100000000)
  region size 1024K, 4 young (4096K), 4 survivors (4096K)
 Metaspace       used 135963K, committed 138240K, reserved 1179648K
  class space    used 18989K, committed 20096K, reserved 1048576K
}
Event: 168.536 GC heap before
{Heap before GC invocations=52 (full 0):
 garbage-first heap   total 204800K, used 189369K [0x0000000080000000, 0x0000000100000000)
  region size 1024K, 74 young (75776K), 4 survivors (4096K)
 Metaspace       used 138488K, committed 140864K, reserved 1179648K
  class space    used 19262K, committed 20416K, reserved 1048576K
}
Event: 168.541 GC heap after
{Heap after GC invocations=53 (full 0):
 garbage-first heap   total 204800K, used 124812K [0x0000000080000000, 0x0000000100000000)
  region size 1024K, 10 young (10240K), 10 survivors (10240K)
 Metaspace       used 138488K, committed 140864K, reserved 1179648K
  class space    used 19262K, committed 20416K, reserved 1048576K
}
Event: 1117.821 GC heap before
{Heap before GC invocations=54 (full 0):
 garbage-first heap   total 219136K, used 181132K [0x0000000080000000, 0x0000000100000000)
  region size 1024K, 66 young (67584K), 10 survivors (10240K)
 Metaspace       used 138608K, committed 140928K, reserved 1179648K
  class space    used 19249K, committed 20416K, reserved 1048576K
}
Event: 1117.827 GC heap after
{Heap after GC invocations=55 (full 0):
 garbage-first heap   total 219136K, used 128875K [0x0000000080000000, 0x0000000100000000)
  region size 1024K, 4 young (4096K), 4 survivors (4096K)
 Metaspace       used 138608K, committed 140928K, reserved 1179648K
  class space    used 19249K, committed 20416K, reserved 1048576K
}
Event: 1118.617 GC heap before
{Heap before GC invocations=55 (full 0):
 garbage-first heap   total 219136K, used 202603K [0x0000000080000000, 0x0000000100000000)
  region size 1024K, 75 young (76800K), 4 survivors (4096K)
 Metaspace       used 139990K, committed 142272K, reserved 1179648K
  class space    used 19385K, committed 20544K, reserved 1048576K
}
Event: 1118.625 GC heap after
{Heap after GC invocations=56 (full 0):
 garbage-first heap   total 230400K, used 146995K [0x0000000080000000, 0x0000000100000000)
  region size 1024K, 10 young (10240K), 10 survivors (10240K)
 Metaspace       used 139990K, committed 142272K, reserved 1179648K
  class space    used 19385K, committed 20544K, reserved 1048576K
}
Event: 1118.651 GC heap before
{Heap before GC invocations=56 (full 0):
 garbage-first heap   total 230400K, used 153139K [0x0000000080000000, 0x0000000100000000)
  region size 1024K, 18 young (18432K), 10 survivors (10240K)
 Metaspace       used 140013K, committed 142336K, reserved 1179648K
  class space    used 19386K, committed 20544K, reserved 1048576K
}
Event: 1118.657 GC heap after
{Heap after GC invocations=57 (full 0):
 garbage-first heap   total 230400K, used 155560K [0x0000000080000000, 0x0000000100000000)
  region size 1024K, 8 young (8192K), 8 survivors (8192K)
 Metaspace       used 140013K, committed 142336K, reserved 1179648K
  class space    used 19386K, committed 20544K, reserved 1048576K
}
Event: 1119.217 GC heap before
{Heap before GC invocations=58 (full 0):
 garbage-first heap   total 286720K, used 198568K [0x0000000080000000, 0x0000000100000000)
  region size 1024K, 38 young (38912K), 8 survivors (8192K)
 Metaspace       used 141234K, committed 143488K, reserved 1179648K
  class space    used 19492K, committed 20608K, reserved 1048576K
}
Event: 1119.220 GC heap after
{Heap after GC invocations=59 (full 0):
 garbage-first heap   total 286720K, used 154970K [0x0000000080000000, 0x0000000100000000)
  region size 1024K, 3 young (3072K), 3 survivors (3072K)
 Metaspace       used 141234K, committed 143488K, reserved 1179648K
  class space    used 19492K, committed 20608K, reserved 1048576K
}
Event: 1120.323 GC heap before
{Heap before GC invocations=59 (full 0):
 garbage-first heap   total 286720K, used 216410K [0x0000000080000000, 0x0000000100000000)
  region size 1024K, 64 young (65536K), 3 survivors (3072K)
 Metaspace       used 142087K, committed 144320K, reserved 1179648K
  class space    used 19588K, committed 20672K, reserved 1048576K
}
Event: 1120.327 GC heap after
{Heap after GC invocations=60 (full 0):
 garbage-first heap   total 286720K, used 151846K [0x0000000080000000, 0x0000000100000000)
  region size 1024K, 6 young (6144K), 6 survivors (6144K)
 Metaspace       used 142087K, committed 144320K, reserved 1179648K
  class space    used 19588K, committed 20672K, reserved 1048576K
}
Event: 1120.523 GC heap before
{Heap before GC invocations=60 (full 0):
 garbage-first heap   total 286720K, used 159014K [0x0000000080000000, 0x0000000100000000)
  region size 1024K, 15 young (15360K), 6 survivors (6144K)
 Metaspace       used 142121K, committed 144448K, reserved 1179648K
  class space    used 19592K, committed 20736K, reserved 1048576K
}
Event: 1120.526 GC heap after
{Heap after GC invocations=61 (full 0):
 garbage-first heap   total 286720K, used 152289K [0x0000000080000000, 0x0000000100000000)
  region size 1024K, 6 young (6144K), 6 survivors (6144K)
 Metaspace       used 142121K, committed 144448K, reserved 1179648K
  class space    used 19592K, committed 20736K, reserved 1048576K
}

